Gtk-Message: 15:43:08.581: Failed to load module "appmenu-gtk-module"
Gtk-Message: 17:54:04.475: Failed to load module "appmenu-gtk-module"
Gtk-Message: 19:19:48.677: Failed to load module "appmenu-gtk-module"
[90m[main 2021-06-02T17:19:49.049Z][0m update#setState idle
[90m[main 2021-06-02T17:20:19.056Z][0m update#setState checking for updates
[90m[main 2021-06-02T17:20:19.122Z][0m update#setState available for download

(code-insiders:243952): Gtk-WARNING **: 19:20:57.548: Could not load a pixbuf from icon theme.
This may indicate that pixbuf loaders or the mime database could not be found.

(code-insiders:243952): Gtk-WARNING **: 19:20:57.550: Error loading theme icon 'gtk-cancel' for stock: Failed to load /home/andreipc/.local/share/icons/Cyan-Breeze-Dark-Icons/actions/16@2x/gtk-cancel.svg: Error opening file /home/andreipc/.local/share/icons/Cyan-Breeze-Dark-Icons/actions/16@2x/gtk-cancel.svg: No such file or directory

(code-insiders:243952): Gtk-WARNING **: 19:20:57.618: Error loading theme icon 'gtk-cancel' for stock: Failed to load /home/andreipc/.local/share/icons/Cyan-Breeze-Dark-Icons/actions/16@2x/gtk-cancel.svg: Error opening file /home/andreipc/.local/share/icons/Cyan-Breeze-Dark-Icons/actions/16@2x/gtk-cancel.svg: No such file or directory

(code-insiders:243952): Gtk-WARNING **: 21:26:52.997: Error loading theme icon 'gtk-cancel' for stock: Failed to load /home/andreipc/.local/share/icons/Cyan-Breeze-Dark-Icons/actions/16@2x/gtk-cancel.svg: Error opening file /home/andreipc/.local/share/icons/Cyan-Breeze-Dark-Icons/actions/16@2x/gtk-cancel.svg: No such file or directory

(code-insiders:243952): Gtk-WARNING **: 21:26:53.014: Error loading theme icon 'gtk-cancel' for stock: Failed to load /home/andreipc/.local/share/icons/Cyan-Breeze-Dark-Icons/actions/16@2x/gtk-cancel.svg: Error opening file /home/andreipc/.local/share/icons/Cyan-Breeze-Dark-Icons/actions/16@2x/gtk-cancel.svg: No such file or directory

(code-insiders:243952): Gtk-WARNING **: 21:26:59.144: Error loading theme icon 'gtk-cancel' for stock: Failed to load /home/andreipc/.local/share/icons/Cyan-Breeze-Dark-Icons/actions/16@2x/gtk-cancel.svg: Error opening file /home/andreipc/.local/share/icons/Cyan-Breeze-Dark-Icons/actions/16@2x/gtk-cancel.svg: No such file or directory

(code-insiders:243952): Gtk-WARNING **: 21:26:59.159: Error loading theme icon 'gtk-cancel' for stock: Failed to load /home/andreipc/.local/share/icons/Cyan-Breeze-Dark-Icons/actions/16@2x/gtk-cancel.svg: Error opening file /home/andreipc/.local/share/icons/Cyan-Breeze-Dark-Icons/actions/16@2x/gtk-cancel.svg: No such file or directory

(code-insiders:243952): Gtk-WARNING **: 00:09:52.475: Error loading theme icon 'gtk-cancel' for stock: Failed to load /home/andreipc/.local/share/icons/Cyan-Breeze-Dark-Icons/actions/16@2x/gtk-cancel.svg: Error opening file /home/andreipc/.local/share/icons/Cyan-Breeze-Dark-Icons/actions/16@2x/gtk-cancel.svg: No such file or directory

(code-insiders:243952): Gtk-WARNING **: 00:09:52.487: Error loading theme icon 'gtk-cancel' for stock: Failed to load /home/andreipc/.local/share/icons/Cyan-Breeze-Dark-Icons/actions/16@2x/gtk-cancel.svg: Error opening file /home/andreipc/.local/share/icons/Cyan-Breeze-Dark-Icons/actions/16@2x/gtk-cancel.svg: No such file or directory

(code-insiders:243952): Gtk-WARNING **: 00:11:32.656: Error loading theme icon 'gtk-cancel' for stock: Failed to load /home/andreipc/.local/share/icons/Cyan-Breeze-Dark-Icons/actions/16@2x/gtk-cancel.svg: Error opening file /home/andreipc/.local/share/icons/Cyan-Breeze-Dark-Icons/actions/16@2x/gtk-cancel.svg: No such file or directory

(code-insiders:243952): Gtk-WARNING **: 00:11:32.666: Error loading theme icon 'gtk-cancel' for stock: Failed to load /home/andreipc/.local/share/icons/Cyan-Breeze-Dark-Icons/actions/16@2x/gtk-cancel.svg: Error opening file /home/andreipc/.local/share/icons/Cyan-Breeze-Dark-Icons/actions/16@2x/gtk-cancel.svg: No such file or directory

(code-insiders:243952): Gtk-WARNING **: 00:17:40.101: Error loading theme icon 'gtk-cancel' for stock: Failed to load /home/andreipc/.local/share/icons/Cyan-Breeze-Dark-Icons/actions/16@2x/gtk-cancel.svg: Error opening file /home/andreipc/.local/share/icons/Cyan-Breeze-Dark-Icons/actions/16@2x/gtk-cancel.svg: No such file or directory

(code-insiders:243952): Gtk-WARNING **: 00:17:40.111: Error loading theme icon 'gtk-cancel' for stock: Failed to load /home/andreipc/.local/share/icons/Cyan-Breeze-Dark-Icons/actions/16@2x/gtk-cancel.svg: Error opening file /home/andreipc/.local/share/icons/Cyan-Breeze-Dark-Icons/actions/16@2x/gtk-cancel.svg: No such file or directory
(node:244100) [DEP0005] DeprecationWarning: Buffer() is deprecated due to security and usability issues. Please use the Buffer.alloc(), Buffer.allocUnsafe(), or Buffer.from() methods instead.
(Use `exe --trace-deprecation ...` to show where the warning was created)
Gtk-Message: 00:22:58.478: Failed to load module "appmenu-gtk-module"
[90m[main 2021-06-02T22:22:58.669Z][0m update#setState idle
[90m[main 2021-06-02T22:23:28.681Z][0m update#setState checking for updates
[90m[main 2021-06-02T22:23:28.747Z][0m update#setState available for download
